<?xml version="1.0" encoding="UTF-8"?>
<!-- Generated by org.testng.reporters.JUnitReportReporter -->
<testsuite hostname="amansag-5CG5092X3T" failures="0" tests="1" name="com.Scroll.ScrollBy" time="49.521" errors="0" timestamp="2025-07-28T14:50:09 IST" skipped="0">
  <testcase classname="com.Scroll.ScrollBy" name="Test" time="49.521"/>
</testsuite> <!-- com.Scroll.ScrollBy -->
