<?xml version="1.0" encoding="UTF-8"?>
<!-- Generated by org.testng.reporters.JUnitReportReporter -->
<testsuite hostname="amansag-5CG5092X3T" failures="0" tests="1" name="com.readExcel.CaseStudy" time="40.285" errors="0" timestamp="2025-07-28T12:53:42 IST" skipped="0">
  <testcase classname="com.readExcel.CaseStudy" name="locatorsTestingBlog" time="40.285"/>
</testsuite> <!-- com.readExcel.CaseStudy -->
