<?xml version="1.0" encoding="UTF-8"?>
<!-- Generated by org.testng.reporters.JUnitReportReporter -->
<testsuite hostname="amansag-5CG5092X3T" failures="0" tests="1" name="com.locators.DemoId" time="10.200" errors="0" timestamp="2025-07-25T12:19:47 IST" skipped="0">
  <testcase classname="com.locators.DemoId" name="DemoTestId" time="10.200"/>
</testsuite> <!-- com.locators.DemoId -->
