<?xml version="1.0" encoding="UTF-8"?>
<!-- Generated by org.testng.reporters.JUnitReportReporter -->
<testsuite hostname="amansag-5CG5092X3T" failures="0" tests="1" name="Library.Reusabled" time="10.976" errors="0" timestamp="2025-07-28T14:35:48 IST" skipped="0">
  <testcase classname="Library.Reusabled" name="Browser" time="10.976"/>
</testsuite> <!-- Library.Reusabled -->
